<?xml version="1.0" encoding="UTF-8"?>
<!-- Generated by org.testng.reporters.JUnitReportReporter -->
<testsuite skipped="0" hostname="FH400" name="com.Qa.Bridgelabz.testcases.LoginPageTest" tests="1" failures="0" timestamp="26 Dec 2019 09:09:20 GMT" time="5.312" errors="0">
  <testcase name="loginPageTitleTest" time="5.312" classname="com.Qa.Bridgelabz.testcases.LoginPageTest"/>
</testsuite> <!-- com.Qa.Bridgelabz.testcases.LoginPageTest -->
