<?xml version="1.0" encoding="UTF-8"?>
<!-- Generated by org.testng.reporters.JUnitReportReporter -->
<testsuite hostname="FH400" name="com.Qa.Bridgelabz.AppAutomation.sampleTest" tests="2" failures="0" timestamp="25 Dec 2019 07:30:32 GMT" time="0.049" errors="0">
  <testcase name="sum1" time="0.009" classname="com.Qa.Bridgelabz.AppAutomation.sampleTest"/>
  <testcase name="sum" time="0.040" classname="com.Qa.Bridgelabz.AppAutomation.sampleTest"/>
</testsuite> <!-- com.Qa.Bridgelabz.AppAutomation.sampleTest -->
